# JRE version: OpenJDK Runtime Environment (8.0_242-b01) (build 1.8.0_242-release-1644-b01)
# Java VM: OpenJDK 64-Bit Server VM (25.242-b01 mixed mode windows-amd64 compressed oops)
Heap:
 PSYoungGen      total 236544K, used 208887K [0x00000000e0000000, 0x00000000f3580000, 0x0000000100000000)
  eden space 216576K, 87% used [0x00000000e0000000,0x00000000eb884410,0x00000000ed380000)
  from space 19968K, 99% used [0x00000000ed380000,0x00000000ee6f9ac0,0x00000000ee700000)
  to   space 23040K, 0% used [0x00000000f1f00000,0x00000000f1f00000,0x00000000f3580000)
 ParOldGen       total 195072K, used 37208K [0x00000000a0000000, 0x00000000abe80000, 0x00000000e0000000)
  object space 195072K, 19% used [0x00000000a0000000,0x00000000a2456008,0x00000000abe80000)
 Metaspace       used 69773K, capacity 74238K, committed 74368K, reserved 1114112K
  class space    used 9707K, capacity 10606K, committed 10624K, reserved 1048576K
GC Heap History (10 events):
Event: 21.243 GC heap before
{Heap before GC invocations=10 (full 2):
 PSYoungGen      total 126976K, used 115200K [0x00000000e0000000, 0x00000000ee480000, 0x0000000100000000)
  eden space 115200K, 100% used [0x00000000e0000000,0x00000000e7080000,0x00000000e7080000)
  from space 11776K, 0% used [0x00000000e7080000,0x00000000e7080000,0x00000000e7c00000)
  to   space 11264K, 0% used [0x00000000ed980000,0x00000000ed980000,0x00000000ee480000)
 ParOldGen       total 132096K, used 15632K [0x00000000a0000000, 0x00000000a8100000, 0x00000000e0000000)
  object space 132096K, 11% used [0x00000000a0000000,0x00000000a0f442d8,0x00000000a8100000)
 Metaspace       used 37383K, capacity 39010K, committed 39040K, reserved 1083392K
  class space    used 5124K, capacity 5476K, committed 5504K, reserved 1048576K
Event: 21.247 GC heap after
Heap after GC invocations=10 (full 2):
 PSYoungGen      total 178176K, used 5468K [0x00000000e0000000, 0x00000000edf00000, 0x0000000100000000)
  eden space 172544K, 0% used [0x00000000e0000000,0x00000000e0000000,0x00000000ea880000)
  from space 5632K, 97% used [0x00000000ed980000,0x00000000eded71c0,0x00000000edf00000)
  to   space 11776K, 0% used [0x00000000ec800000,0x00000000ec800000,0x00000000ed380000)
 ParOldGen       total 132096K, used 15640K [0x00000000a0000000, 0x00000000a8100000, 0x00000000e0000000)
  object space 132096K, 11% used [0x00000000a0000000,0x00000000a0f462d8,0x00000000a8100000)
 Metaspace       used 37383K, capacity 39010K, committed 39040K, reserved 1083392K
  class space    used 5124K, capacity 5476K, committed 5504K, reserved 1048576K
}
Event: 24.341 GC heap before
{Heap before GC invocations=11 (full 2):
 PSYoungGen      total 178176K, used 178012K [0x00000000e0000000, 0x00000000edf00000, 0x0000000100000000)
  eden space 172544K, 100% used [0x00000000e0000000,0x00000000ea880000,0x00000000ea880000)
  from space 5632K, 97% used [0x00000000ed980000,0x00000000eded71c0,0x00000000edf00000)
  to   space 11776K, 0% used [0x00000000ec800000,0x00000000ec800000,0x00000000ed380000)
 ParOldGen       total 132096K, used 15640K [0x00000000a0000000, 0x00000000a8100000, 0x00000000e0000000)
  object space 132096K, 11% used [0x00000000a0000000,0x00000000a0f462d8,0x00000000a8100000)
 Metaspace       used 51457K, capacity 53608K, committed 53888K, reserved 1095680K
  class space    used 6856K, capacity 7236K, committed 7296K, reserved 1048576K
Event: 24.360 GC heap after
Heap after GC invocations=11 (full 2):
 PSYoungGen      total 216576K, used 11775K [0x00000000e0000000, 0x00000000ef700000, 0x0000000100000000)
  eden space 204800K, 0% used [0x00000000e0000000,0x00000000e0000000,0x00000000ec800000)
  from space 11776K, 99% used [0x00000000ec800000,0x00000000ed37fe20,0x00000000ed380000)
  to   space 16384K, 0% used [0x00000000ee700000,0x00000000ee700000,0x00000000ef700000)
 ParOldGen       total 132096K, used 24091K [0x00000000a0000000, 0x00000000a8100000, 0x00000000e0000000)
  object space 132096K, 18% used [0x00000000a0000000,0x00000000a1786cb8,0x00000000a8100000)
 Metaspace       used 51457K, capacity 53608K, committed 53888K, reserved 1095680K
  class space    used 6856K, capacity 7236K, committed 7296K, reserved 1048576K
}
Event: 25.442 GC heap before
{Heap before GC invocations=12 (full 2):
 PSYoungGen      total 216576K, used 166901K [0x00000000e0000000, 0x00000000ef700000, 0x0000000100000000)
  eden space 204800K, 75% used [0x00000000e0000000,0x00000000e977d760,0x00000000ec800000)
  from space 11776K, 99% used [0x00000000ec800000,0x00000000ed37fe20,0x00000000ed380000)
  to   space 16384K, 0% used [0x00000000ee700000,0x00000000ee700000,0x00000000ef700000)
 ParOldGen       total 132096K, used 24091K [0x00000000a0000000, 0x00000000a8100000, 0x00000000e0000000)
  object space 132096K, 18% used [0x00000000a0000000,0x00000000a1786cb8,0x00000000a8100000)
 Metaspace       used 56339K, capacity 58964K, committed 59096K, reserved 1099776K
  class space    used 7693K, capacity 8251K, committed 8320K, reserved 1048576K
Event: 25.454 GC heap after
Heap after GC invocations=12 (full 2):
 PSYoungGen      total 232960K, used 16356K [0x00000000e0000000, 0x00000000f2600000, 0x0000000100000000)
  eden space 216576K, 0% used [0x00000000e0000000,0x00000000e0000000,0x00000000ed380000)
  from space 16384K, 99% used [0x00000000ee700000,0x00000000ef6f9128,0x00000000ef700000)
  to   space 19968K, 0% used [0x00000000ed380000,0x00000000ed380000,0x00000000ee700000)
 ParOldGen       total 132096K, used 29831K [0x00000000a0000000, 0x00000000a8100000, 0x00000000e0000000)
  object space 132096K, 22% used [0x00000000a0000000,0x00000000a1d21c40,0x00000000a8100000)
 Metaspace       used 56339K, capacity 58964K, committed 59096K, reserved 1099776K
  class space    used 7693K, capacity 8251K, committed 8320K, reserved 1048576K
}
Event: 25.454 GC heap before
{Heap before GC invocations=13 (full 3):
 PSYoungGen      total 232960K, used 16356K [0x00000000e0000000, 0x00000000f2600000, 0x0000000100000000)
  eden space 216576K, 0% used [0x00000000e0000000,0x00000000e0000000,0x00000000ed380000)
  from space 16384K, 99% used [0x00000000ee700000,0x00000000ef6f9128,0x00000000ef700000)
  to   space 19968K, 0% used [0x00000000ed380000,0x00000000ed380000,0x00000000ee700000)
 ParOldGen       total 132096K, used 29831K [0x00000000a0000000, 0x00000000a8100000, 0x00000000e0000000)
  object space 132096K, 22% used [0x00000000a0000000,0x00000000a1d21c40,0x00000000a8100000)
 Metaspace       used 56339K, capacity 58964K, committed 59096K, reserved 1099776K
  class space    used 7693K, capacity 8251K, committed 8320K, reserved 1048576K
Event: 25.644 GC heap after
Heap after GC invocations=13 (full 3):
 PSYoungGen      total 232960K, used 0K [0x00000000e0000000, 0x00000000f2600000, 0x0000000100000000)
  eden space 216576K, 0% used [0x00000000e0000000,0x00000000e0000000,0x00000000ed380000)
  from space 16384K, 0% used [0x00000000ee700000,0x00000000ee700000,0x00000000ef700000)
  to   space 19968K, 0% used [0x00000000ed380000,0x00000000ed380000,0x00000000ee700000)
 ParOldGen       total 195072K, used 36373K [0x00000000a0000000, 0x00000000abe80000, 0x00000000e0000000)
  object space 195072K, 18% used [0x00000000a0000000,0x00000000a2385518,0x00000000abe80000)
 Metaspace       used 56294K, capacity 58814K, committed 59096K, reserved 1099776K
  class space    used 7679K, capacity 8226K, committed 8320K, reserved 1048576K
}
Event: 34.445 GC heap before
{Heap before GC invocations=14 (full 3):
 PSYoungGen      total 232960K, used 216576K [0x00000000e0000000, 0x00000000f2600000, 0x0000000100000000)
  eden space 216576K, 100% used [0x00000000e0000000,0x00000000ed380000,0x00000000ed380000)
  from space 16384K, 0% used [0x00000000ee700000,0x00000000ee700000,0x00000000ef700000)
  to   space 19968K, 0% used [0x00000000ed380000,0x00000000ed380000,0x00000000ee700000)
 ParOldGen       total 195072K, used 36373K [0x00000000a0000000, 0x00000000abe80000, 0x00000000e0000000)
  object space 195072K, 18% used [0x00000000a0000000,0x00000000a2385518,0x00000000abe80000)
 Metaspace       used 62216K, capacity 65706K, committed 65920K, reserved 1105920K
  class space    used 8563K, capacity 9341K, committed 9344K, reserved 1048576K
Event: 34.465 GC heap after
Heap after GC invocations=14 (full 3):
 PSYoungGen      total 236544K, used 19942K [0x00000000e0000000, 0x00000000f3580000, 0x0000000100000000)
  eden space 216576K, 0% used [0x00000000e0000000,0x00000000e0000000,0x00000000ed380000)
  from space 19968K, 99% used [0x00000000ed380000,0x00000000ee6f9ac0,0x00000000ee700000)
  to   space 23040K, 0% used [0x00000000f1f00000,0x00000000f1f00000,0x00000000f3580000)
 ParOldGen       total 195072K, used 37208K [0x00000000a0000000, 0x00000000abe80000, 0x00000000e0000000)
  object space 195072K, 19% used [0x00000000a0000000,0x00000000a2456008,0x00000000abe80000)
 Metaspace       used 62216K, capacity 65706K, committed 65920K, reserved 1105920K
  class space    used 8563K, capacity 9341K, committed 9344K, reserved 1048576K
}

